c:\users\lcv2032587\desktop\xiaoyouxi\springengine\framework\graphics\x64\debug\graphics.pch
c:\users\lcv2032587\desktop\xiaoyouxi\springengine\x64\debug\graphics.pdb
c:\users\lcv2032587\desktop\xiaoyouxi\springengine\x64\debug\graphics.idb
c:\users\lcv2032587\desktop\xiaoyouxi\springengine\framework\graphics\x64\debug\precompiled.obj
c:\users\lcv2032587\desktop\xiaoyouxi\springengine\framework\graphics\x64\debug\shadoweffect.obj
c:\users\lcv2032587\desktop\xiaoyouxi\springengine\framework\graphics\x64\debug\sampler.obj
c:\users\lcv2032587\desktop\xiaoyouxi\springengine\framework\graphics\x64\debug\rendertarget.obj
c:\users\lcv2032587\desktop\xiaoyouxi\springengine\framework\graphics\x64\debug\renderobject.obj
c:\users\lcv2032587\desktop\xiaoyouxi\springengine\framework\graphics\x64\debug\postprocessingeffect.obj
c:\users\lcv2032587\desktop\xiaoyouxi\springengine\framework\graphics\x64\debug\pixelshader.obj
c:\users\lcv2032587\desktop\xiaoyouxi\springengine\framework\graphics\x64\debug\modelmanager.obj
c:\users\lcv2032587\desktop\xiaoyouxi\springengine\framework\graphics\x64\debug\modelio.obj
c:\users\lcv2032587\desktop\xiaoyouxi\springengine\framework\graphics\x64\debug\meshbuilder.obj
c:\users\lcv2032587\desktop\xiaoyouxi\springengine\framework\graphics\x64\debug\meshbuffer.obj
c:\users\lcv2032587\desktop\xiaoyouxi\springengine\framework\graphics\x64\debug\graphicssystem.obj
c:\users\lcv2032587\desktop\xiaoyouxi\springengine\framework\graphics\x64\debug\debugui.obj
c:\users\lcv2032587\desktop\xiaoyouxi\springengine\framework\graphics\x64\debug\constantbuffer.obj
c:\users\lcv2032587\desktop\xiaoyouxi\springengine\framework\graphics\x64\debug\camera.obj
c:\users\lcv2032587\desktop\xiaoyouxi\springengine\framework\graphics\x64\debug\blendstate.obj
c:\users\lcv2032587\desktop\xiaoyouxi\springengine\framework\graphics\x64\debug\billboardeffect.obj
c:\users\lcv2032587\desktop\xiaoyouxi\springengine\framework\graphics\x64\debug\animator.obj
c:\users\lcv2032587\desktop\xiaoyouxi\springengine\framework\graphics\x64\debug\animationutil.obj
c:\users\lcv2032587\desktop\xiaoyouxi\springengine\framework\graphics\x64\debug\animationbuilder.obj
c:\users\lcv2032587\desktop\xiaoyouxi\springengine\framework\graphics\x64\debug\animation.obj
c:\users\lcv2032587\desktop\xiaoyouxi\springengine\framework\graphics\x64\debug\vertexshader.obj
c:\users\lcv2032587\desktop\xiaoyouxi\springengine\framework\graphics\x64\debug\texturemanager.obj
c:\users\lcv2032587\desktop\xiaoyouxi\springengine\framework\graphics\x64\debug\texture.obj
c:\users\lcv2032587\desktop\xiaoyouxi\springengine\framework\graphics\x64\debug\terraineffect.obj
c:\users\lcv2032587\desktop\xiaoyouxi\springengine\framework\graphics\x64\debug\terrain.obj
c:\users\lcv2032587\desktop\xiaoyouxi\springengine\framework\graphics\x64\debug\standardeffect.obj
c:\users\lcv2032587\desktop\xiaoyouxi\springengine\framework\graphics\x64\debug\simpleeffect.obj
c:\users\lcv2032587\desktop\xiaoyouxi\springengine\framework\graphics\x64\debug\simpledraw.obj
c:\users\lcv2032587\desktop\xiaoyouxi\springengine\framework\graphics\x64\debug\particlesyetemeffect.obj
c:\users\lcv2032587\desktop\xiaoyouxi\springengine\x64\debug\graphics.lib
c:\users\lcv2032587\desktop\xiaoyouxi\springengine\framework\graphics\x64\debug\graphics.tlog\cl.command.1.tlog
c:\users\lcv2032587\desktop\xiaoyouxi\springengine\framework\graphics\x64\debug\graphics.tlog\cl.items.tlog
c:\users\lcv2032587\desktop\xiaoyouxi\springengine\framework\graphics\x64\debug\graphics.tlog\cl.read.1.tlog
c:\users\lcv2032587\desktop\xiaoyouxi\springengine\framework\graphics\x64\debug\graphics.tlog\cl.write.1.tlog
c:\users\lcv2032587\desktop\xiaoyouxi\springengine\framework\graphics\x64\debug\graphics.tlog\lib-link.read.1.tlog
c:\users\lcv2032587\desktop\xiaoyouxi\springengine\framework\graphics\x64\debug\graphics.tlog\lib-link.write.1.tlog
c:\users\lcv2032587\desktop\xiaoyouxi\springengine\framework\graphics\x64\debug\graphics.tlog\lib.command.1.tlog
